This file contains any messages produced by compilers while
running configure, to aid debugging if configure makes a mistake.

It was created by libwurfl configure 0.1, which was
generated by GNU Autoconf 2.69.  Invocation command line was

  $ ./configure 

## --------- ##
## Platform. ##
## --------- ##

hostname = Giorgia
uname -m = x86_64
uname -r = 4.13.0-46-generic
uname -s = Linux
uname -v = #51-Ubuntu SMP Tue Jun 12 12:36:29 UTC 2018

/usr/bin/uname -p = unknown
/bin/uname -X     = unknown

/bin/arch              = unknown
/usr/bin/arch -k       = unknown
/usr/convex/getsysinfo = unknown
/usr/bin/hostinfo      = unknown
/bin/machine           = unknown
/usr/bin/oslevel       = unknown
/bin/universe          = unknown

PATH: /usr/local/sbin
PATH: /usr/local/bin
PATH: /usr/sbin
PATH: /usr/bin
PATH: /sbin
PATH: /bin
PATH: /usr/games
PATH: /usr/local/games
PATH: /snap/bin


## ----------- ##
## Core tests. ##
## ----------- ##

configure:2449: checking for a BSD-compatible install
configure:2517: result: /usr/bin/install -c
configure:2528: checking whether build environment is sane
configure:2583: result: yes
configure:2621: WARNING: 'missing' script is too old or missing
configure:2734: checking for a thread-safe mkdir -p
configure:2773: result: /bin/mkdir -p
configure:2780: checking for gawk
configure:2810: result: no
configure:2780: checking for mawk
configure:2796: found /usr/bin/mawk
configure:2807: result: mawk
configure:2818: checking whether make sets $(MAKE)
configure:2840: result: yes
configure:2869: checking whether make supports nested variables
configure:2886: result: yes
configure:2994: checking build system type
configure:3008: result: x86_64-unknown-linux-gnu
configure:3028: checking host system type
configure:3041: result: x86_64-unknown-linux-gnu
configure:3082: checking how to print strings
configure:3109: result: printf
configure:3142: checking for style of include used by make
configure:3170: result: GNU
configure:3241: checking for gcc
configure:3257: found /usr/bin/gcc
configure:3268: result: gcc
configure:3497: checking for C compiler version
configure:3506: gcc --version >&5
gcc (Ubuntu 7.2.0-8ubuntu3.2) 7.2.0
Copyright (C) 2017 Free Software Foundation, Inc.
This is free software; see the source for copying conditions.  There is NO
warranty; not even for MERCHANTABILITY or FITNESS FOR A PARTICULAR PURPOSE.

configure:3517: $? = 0
configure:3506: gcc -v >&5
Using built-in specs.
COLLECT_GCC=gcc
COLLECT_LTO_WRAPPER=/usr/lib/gcc/x86_64-linux-gnu/7/lto-wrapper
OFFLOAD_TARGET_NAMES=nvptx-none
OFFLOAD_TARGET_DEFAULT=1
Target: x86_64-linux-gnu
Configured with: ../src/configure -v --with-pkgversion='Ubuntu 7.2.0-8ubuntu3.2' --with-bugurl=file:///usr/share/doc/gcc-7/README.Bugs --enable-languages=c,ada,c++,go,brig,d,fortran,objc,obj-c++ --prefix=/usr --with-gcc-major-version-only --program-suffix=-7 --program-prefix=x86_64-linux-gnu- --enable-shared --enable-linker-build-id --libexecdir=/usr/lib --without-included-gettext --enable-threads=posix --libdir=/usr/lib --enable-nls --with-sysroot=/ --enable-clocale=gnu --enable-libstdcxx-debug --enable-libstdcxx-time=yes --with-default-libstdcxx-abi=new --enable-gnu-unique-object --disable-vtable-verify --enable-libmpx --enable-plugin --enable-default-pie --with-system-zlib --with-target-system-zlib --enable-objc-gc=auto --enable-multiarch --disable-werror --with-arch-32=i686 --with-abi=m64 --with-multilib-list=m32,m64,mx32 --enable-multilib --with-tune=generic --enable-offload-targets=nvptx-none --without-cuda-driver --enable-checking=release --build=x86_64-linux-gnu --host=x86_64-linux-gnu --target=x86_64-linux-gnu
Thread model: posix
gcc version 7.2.0 (Ubuntu 7.2.0-8ubuntu3.2) 
configure:3517: $? = 0
configure:3506: gcc -V >&5
gcc: error: unrecognized command line option '-V'
gcc: fatal error: no input files
compilation terminated.
configure:3517: $? = 1
configure:3506: gcc -qversion >&5
gcc: error: unrecognized command line option '-qversion'; did you mean '--version'?
gcc: fatal error: no input files
compilation terminated.
configure:3517: $? = 1
configure:3537: checking whether the C compiler works
configure:3559: gcc    conftest.c  >&5
configure:3563: $? = 0
configure:3611: result: yes
configure:3614: checking for C compiler default output file name
configure:3616: result: a.out
configure:3622: checking for suffix of executables
configure:3629: gcc -o conftest    conftest.c  >&5
configure:3633: $? = 0
configure:3655: result: 
configure:3677: checking whether we are cross compiling
configure:3685: gcc -o conftest    conftest.c  >&5
configure:3689: $? = 0
configure:3696: ./conftest
configure:3700: $? = 0
configure:3715: result: no
configure:3720: checking for suffix of object files
configure:3742: gcc -c   conftest.c >&5
configure:3746: $? = 0
configure:3767: result: o
configure:3771: checking whether we are using the GNU C compiler
configure:3790: gcc -c   conftest.c >&5
configure:3790: $? = 0
configure:3799: result: yes
configure:3808: checking whether gcc accepts -g
configure:3828: gcc -c -g  conftest.c >&5
configure:3828: $? = 0
configure:3869: result: yes
configure:3886: checking for gcc option to accept ISO C89
configure:3949: gcc  -c -g -O2  conftest.c >&5
configure:3949: $? = 0
configure:3962: result: none needed
configure:3984: checking dependency style of gcc
configure:4095: result: gcc3
configure:4110: checking for a sed that does not truncate output
configure:4174: result: /bin/sed
configure:4192: checking for grep that handles long lines and -e
configure:4250: result: /bin/grep
configure:4255: checking for egrep
configure:4317: result: /bin/grep -E
configure:4322: checking for fgrep
configure:4384: result: /bin/grep -F
configure:4419: checking for ld used by gcc
configure:4486: result: /usr/bin/ld
configure:4493: checking if the linker (/usr/bin/ld) is GNU ld
configure:4508: result: yes
configure:4520: checking for BSD- or MS-compatible name lister (nm)
configure:4569: result: /usr/bin/nm -B
configure:4699: checking the name lister (/usr/bin/nm -B) interface
configure:4706: gcc -c -g -O2  conftest.c >&5
configure:4709: /usr/bin/nm -B "conftest.o"
configure:4712: output
0000000000000000 B some_variable
configure:4719: result: BSD nm
configure:4722: checking whether ln -s works
configure:4726: result: yes
configure:4734: checking the maximum length of command line arguments
configure:4864: result: 1572864
configure:4881: checking whether the shell understands some XSI constructs
configure:4891: result: yes
configure:4895: checking whether the shell understands "+="
configure:4901: result: yes
configure:4936: checking how to convert x86_64-unknown-linux-gnu file names to x86_64-unknown-linux-gnu format
configure:4976: result: func_convert_file_noop
configure:4983: checking how to convert x86_64-unknown-linux-gnu file names to toolchain format
configure:5003: result: func_convert_file_noop
configure:5010: checking for /usr/bin/ld option to reload object files
configure:5017: result: -r
configure:5091: checking for objdump
configure:5107: found /usr/bin/objdump
configure:5118: result: objdump
configure:5150: checking how to recognize dependent libraries
configure:5352: result: pass_all
configure:5437: checking for dlltool
configure:5467: result: no
configure:5497: checking how to associate runtime and link libraries
configure:5524: result: printf %s\n
configure:5585: checking for ar
configure:5601: found /usr/bin/ar
configure:5612: result: ar
configure:5649: checking for archiver @FILE support
configure:5666: gcc -c -g -O2  conftest.c >&5
configure:5666: $? = 0
configure:5669: ar cru libconftest.a @conftest.lst >&5
ar: `u' modifier ignored since `D' is the default (see `U')
configure:5672: $? = 0
configure:5677: ar cru libconftest.a @conftest.lst >&5
ar: `u' modifier ignored since `D' is the default (see `U')
ar: conftest.o: No such file or directory
configure:5680: $? = 1
configure:5692: result: @
configure:5750: checking for strip
configure:5766: found /usr/bin/strip
configure:5777: result: strip
configure:5849: checking for ranlib
configure:5865: found /usr/bin/ranlib
configure:5876: result: ranlib
configure:5978: checking command to parse /usr/bin/nm -B output from gcc object
configure:6098: gcc -c -g -O2  conftest.c >&5
configure:6101: $? = 0
configure:6105: /usr/bin/nm -B conftest.o \| sed -n -e 's/^.*[ ]\([ABCDGIRSTW][ABCDGIRSTW]*\)[ ][ ]*\([_A-Za-z][_A-Za-z0-9]*\)$/\1 \2 \2/p' | sed '/ __gnu_lto/d' \> conftest.nm
configure:6108: $? = 0
configure:6174: gcc -o conftest -g -O2   conftest.c conftstm.o >&5
configure:6177: $? = 0
configure:6215: result: ok
configure:6252: checking for sysroot
configure:6282: result: no
configure:6359: gcc -c -g -O2  conftest.c >&5
configure:6362: $? = 0
configure:6538: checking for mt
configure:6554: found /bin/mt
configure:6565: result: mt
configure:6588: checking if mt is a manifest tool
configure:6594: mt '-?'
configure:6602: result: no
configure:7244: checking how to run the C preprocessor
configure:7275: gcc -E  conftest.c
configure:7275: $? = 0
configure:7289: gcc -E  conftest.c
conftest.c:11:10: fatal error: ac_nonexistent.h: No such file or directory
 #include <ac_nonexistent.h>
          ^~~~~~~~~~~~~~~~~~
compilation terminated.
configure:7289: $? = 1
configure: failed program was:
| /* confdefs.h */
| #define PACKAGE_NAME "libwurfl"
| #define PACKAGE_TARNAME "libwurfl"
| #define PACKAGE_VERSION "0.1"
| #define PACKAGE_STRING "libwurfl 0.1"
| #define PACKAGE_BUGREPORT "me@filippodeluca.com"
| #define PACKAGE_URL ""
| #define PACKAGE "libwurfl"
| #define VERSION "0.1"
| /* end confdefs.h.  */
| #include <ac_nonexistent.h>
configure:7314: result: gcc -E
configure:7334: gcc -E  conftest.c
configure:7334: $? = 0
configure:7348: gcc -E  conftest.c
conftest.c:11:10: fatal error: ac_nonexistent.h: No such file or directory
 #include <ac_nonexistent.h>
          ^~~~~~~~~~~~~~~~~~
compilation terminated.
configure:7348: $? = 1
configure: failed program was:
| /* confdefs.h */
| #define PACKAGE_NAME "libwurfl"
| #define PACKAGE_TARNAME "libwurfl"
| #define PACKAGE_VERSION "0.1"
| #define PACKAGE_STRING "libwurfl 0.1"
| #define PACKAGE_BUGREPORT "me@filippodeluca.com"
| #define PACKAGE_URL ""
| #define PACKAGE "libwurfl"
| #define VERSION "0.1"
| /* end confdefs.h.  */
| #include <ac_nonexistent.h>
configure:7377: checking for ANSI C header files
configure:7397: gcc -c -g -O2  conftest.c >&5
configure:7397: $? = 0
configure:7470: gcc -o conftest -g -O2   conftest.c  >&5
configure:7470: $? = 0
configure:7470: ./conftest
configure:7470: $? = 0
configure:7481: result: yes
configure:7494: checking for sys/types.h
configure:7494: gcc -c -g -O2  conftest.c >&5
configure:7494: $? = 0
configure:7494: result: yes
configure:7494: checking for sys/stat.h
configure:7494: gcc -c -g -O2  conftest.c >&5
configure:7494: $? = 0
configure:7494: result: yes
configure:7494: checking for stdlib.h
configure:7494: gcc -c -g -O2  conftest.c >&5
configure:7494: $? = 0
configure:7494: result: yes
configure:7494: checking for string.h
configure:7494: gcc -c -g -O2  conftest.c >&5
configure:7494: $? = 0
configure:7494: result: yes
configure:7494: checking for memory.h
configure:7494: gcc -c -g -O2  conftest.c >&5
configure:7494: $? = 0
configure:7494: result: yes
configure:7494: checking for strings.h
configure:7494: gcc -c -g -O2  conftest.c >&5
configure:7494: $? = 0
configure:7494: result: yes
configure:7494: checking for inttypes.h
configure:7494: gcc -c -g -O2  conftest.c >&5
configure:7494: $? = 0
configure:7494: result: yes
configure:7494: checking for stdint.h
configure:7494: gcc -c -g -O2  conftest.c >&5
configure:7494: $? = 0
configure:7494: result: yes
configure:7494: checking for unistd.h
configure:7494: gcc -c -g -O2  conftest.c >&5
configure:7494: $? = 0
configure:7494: result: yes
configure:7508: checking for dlfcn.h
configure:7508: gcc -c -g -O2  conftest.c >&5
configure:7508: $? = 0
configure:7508: result: yes
configure:7714: checking for objdir
configure:7729: result: .libs
configure:8000: checking if gcc supports -fno-rtti -fno-exceptions
configure:8018: gcc -c -g -O2  -fno-rtti -fno-exceptions conftest.c >&5
cc1: warning: command line option '-fno-rtti' is valid for C++/ObjC++ but not for C
configure:8022: $? = 0
configure:8035: result: no
configure:8362: checking for gcc option to produce PIC
configure:8369: result: -fPIC -DPIC
configure:8377: checking if gcc PIC flag -fPIC -DPIC works
configure:8395: gcc -c -g -O2  -fPIC -DPIC -DPIC conftest.c >&5
configure:8399: $? = 0
configure:8412: result: yes
configure:8441: checking if gcc static flag -static works
configure:8469: result: yes
configure:8484: checking if gcc supports -c -o file.o
configure:8505: gcc -c -g -O2  -o out/conftest2.o conftest.c >&5
configure:8509: $? = 0
configure:8531: result: yes
configure:8539: checking if gcc supports -c -o file.o
configure:8586: result: yes
configure:8619: checking whether the gcc linker (/usr/bin/ld -m elf_x86_64) supports shared libraries
configure:9772: result: yes
configure:9809: checking whether -lc should be explicitly linked in
configure:9817: gcc -c -g -O2  conftest.c >&5
configure:9820: $? = 0
configure:9835: gcc -shared  -fPIC -DPIC conftest.o  -v -Wl,-soname -Wl,conftest -o conftest 2\>\&1 \| /bin/grep  -lc  \>/dev/null 2\>\&1
configure:9838: $? = 0
configure:9852: result: no
configure:10012: checking dynamic linker characteristics
configure:10523: gcc -o conftest -g -O2   -Wl,-rpath -Wl,/foo conftest.c  >&5
configure:10523: $? = 0
configure:10745: result: GNU/Linux ld.so
configure:10852: checking how to hardcode library paths into programs
configure:10877: result: immediate
configure:11417: checking whether stripping libraries is possible
configure:11422: result: yes
configure:11457: checking if libtool supports shared libraries
configure:11459: result: yes
configure:11462: checking whether to build shared libraries
configure:11483: result: yes
configure:11486: checking whether to build static libraries
configure:11490: result: yes
configure:11588: checking for gcc
configure:11615: result: gcc
configure:11844: checking for C compiler version
configure:11853: gcc --version >&5
gcc (Ubuntu 7.2.0-8ubuntu3.2) 7.2.0
Copyright (C) 2017 Free Software Foundation, Inc.
This is free software; see the source for copying conditions.  There is NO
warranty; not even for MERCHANTABILITY or FITNESS FOR A PARTICULAR PURPOSE.

configure:11864: $? = 0
configure:11853: gcc -v >&5
Using built-in specs.
COLLECT_GCC=gcc
COLLECT_LTO_WRAPPER=/usr/lib/gcc/x86_64-linux-gnu/7/lto-wrapper
OFFLOAD_TARGET_NAMES=nvptx-none
OFFLOAD_TARGET_DEFAULT=1
Target: x86_64-linux-gnu
Configured with: ../src/configure -v --with-pkgversion='Ubuntu 7.2.0-8ubuntu3.2' --with-bugurl=file:///usr/share/doc/gcc-7/README.Bugs --enable-languages=c,ada,c++,go,brig,d,fortran,objc,obj-c++ --prefix=/usr --with-gcc-major-version-only --program-suffix=-7 --program-prefix=x86_64-linux-gnu- --enable-shared --enable-linker-build-id --libexecdir=/usr/lib --without-included-gettext --enable-threads=posix --libdir=/usr/lib --enable-nls --with-sysroot=/ --enable-clocale=gnu --enable-libstdcxx-debug --enable-libstdcxx-time=yes --with-default-libstdcxx-abi=new --enable-gnu-unique-object --disable-vtable-verify --enable-libmpx --enable-plugin --enable-default-pie --with-system-zlib --with-target-system-zlib --enable-objc-gc=auto --enable-multiarch --disable-werror --with-arch-32=i686 --with-abi=m64 --with-multilib-list=m32,m64,mx32 --enable-multilib --with-tune=generic --enable-offload-targets=nvptx-none --without-cuda-driver --enable-checking=release --build=x86_64-linux-gnu --host=x86_64-linux-gnu --target=x86_64-linux-gnu
Thread model: posix
gcc version 7.2.0 (Ubuntu 7.2.0-8ubuntu3.2) 
configure:11864: $? = 0
configure:11853: gcc -V >&5
gcc: error: unrecognized command line option '-V'
gcc: fatal error: no input files
compilation terminated.
configure:11864: $? = 1
configure:11853: gcc -qversion >&5
gcc: error: unrecognized command line option '-qversion'; did you mean '--version'?
gcc: fatal error: no input files
compilation terminated.
configure:11864: $? = 1
configure:11868: checking whether we are using the GNU C compiler
configure:11896: result: yes
configure:11905: checking whether gcc accepts -g
configure:11966: result: yes
configure:11983: checking for gcc option to accept ISO C89
configure:12059: result: none needed
configure:12081: checking dependency style of gcc
configure:12192: result: gcc3
configure:12208: checking whether make sets $(MAKE)
configure:12230: result: yes
configure:12242: checking for library containing xmlSAXVersion
configure:12273: gcc -o conftest -g -O2 -I/usr/include -I/usr/local/include -L/opt/local/include   -L/usr/lib -L/usr/local/lib -L/opt/local/lib conftest.c  >&5
/tmp/ccMWpppf.o: In function `main':
/home/giorgia/CLionProjects/WebServer/libwurfl/conftest.c:34: undefined reference to `xmlSAXVersion'
collect2: error: ld returned 1 exit status
configure:12273: $? = 1
configure: failed program was:
| /* confdefs.h */
| #define PACKAGE_NAME "libwurfl"
| #define PACKAGE_TARNAME "libwurfl"
| #define PACKAGE_VERSION "0.1"
| #define PACKAGE_STRING "libwurfl 0.1"
| #define PACKAGE_BUGREPORT "me@filippodeluca.com"
| #define PACKAGE_URL ""
| #define PACKAGE "libwurfl"
| #define VERSION "0.1"
| #define STDC_HEADERS 1
| #define HAVE_SYS_TYPES_H 1
| #define HAVE_SYS_STAT_H 1
| #define HAVE_STDLIB_H 1
| #define HAVE_STRING_H 1
| #define HAVE_MEMORY_H 1
| #define HAVE_STRINGS_H 1
| #define HAVE_INTTYPES_H 1
| #define HAVE_STDINT_H 1
| #define HAVE_UNISTD_H 1
| #define HAVE_DLFCN_H 1
| #define LT_OBJDIR ".libs/"
| /* end confdefs.h.  */
| 
| /* Override any GCC internal prototype to avoid an error.
|    Use char because int might match the return type of a GCC
|    builtin and then its argument prototype would still apply.  */
| #ifdef __cplusplus
| extern "C"
| #endif
| char xmlSAXVersion ();
| int
| main ()
| {
| return xmlSAXVersion ();
|   ;
|   return 0;
| }
configure:12273: gcc -o conftest -g -O2 -I/usr/include -I/usr/local/include -L/opt/local/include   -L/usr/lib -L/usr/local/lib -L/opt/local/lib conftest.c -lxml2   >&5
configure:12273: $? = 0
configure:12290: result: -lxml2
configure:12304: checking for library containing iconv_open
configure:12335: gcc -o conftest -g -O2 -I/usr/include -I/usr/local/include -L/opt/local/include -I/usr/include/libxml2   -L/usr/lib -L/usr/local/lib -L/opt/local/lib conftest.c -lxml2  >&5
configure:12335: $? = 0
configure:12352: result: none required
configure:12366: WARNING: AM_PATH_CHECK() is deprecated
configure:12368: WARNING: use PKG_CHECK_MODULES([CHECK], [check >= 0.9.4]) instead
configure:12379: checking for check - version >= 0.8.2
configure:12456: gcc -c -g -O2 -I/usr/include -I/usr/local/include -L/opt/local/include -I/usr/include/libxml2   conftest.c >&5
conftest.c: In function 'main':
conftest.c:63:3: warning: ignoring return value of 'system', declared with attribute warn_unused_result [-Wunused-result]
   system ("touch conf.check-test");
   ^~~~~~~~~~~~~~~~~~~~~~~~~~~~~~~~
configure:12456: $? = 0
configure:12467: result: yes
configure:12617: checking apr.h usability
configure:12617: gcc -c -g -O2 -I/usr/include -I/usr/local/include -L/opt/local/include -I/usr/include/libxml2 -I/usr/include/apr-1.0 -I/usr/include/apache2  conftest.c >&5
configure:12617: $? = 0
configure:12617: result: yes
configure:12617: checking apr.h presence
configure:12617: gcc -E  conftest.c
conftest.c:23:10: fatal error: apr.h: No such file or directory
 #include <apr.h>
          ^~~~~~~
compilation terminated.
configure:12617: $? = 1
configure: failed program was:
| /* confdefs.h */
| #define PACKAGE_NAME "libwurfl"
| #define PACKAGE_TARNAME "libwurfl"
| #define PACKAGE_VERSION "0.1"
| #define PACKAGE_STRING "libwurfl 0.1"
| #define PACKAGE_BUGREPORT "me@filippodeluca.com"
| #define PACKAGE_URL ""
| #define PACKAGE "libwurfl"
| #define VERSION "0.1"
| #define STDC_HEADERS 1
| #define HAVE_SYS_TYPES_H 1
| #define HAVE_SYS_STAT_H 1
| #define HAVE_STDLIB_H 1
| #define HAVE_STRING_H 1
| #define HAVE_MEMORY_H 1
| #define HAVE_STRINGS_H 1
| #define HAVE_INTTYPES_H 1
| #define HAVE_STDINT_H 1
| #define HAVE_UNISTD_H 1
| #define HAVE_DLFCN_H 1
| #define LT_OBJDIR ".libs/"
| /* end confdefs.h.  */
| #include <apr.h>
configure:12617: result: no
configure:12617: WARNING: apr.h: accepted by the compiler, rejected by the preprocessor!
configure:12617: WARNING: apr.h: proceeding with the compiler's result
configure:12617: checking for apr.h
configure:12617: result: yes
configure:12625: checking httpd.h usability
configure:12625: gcc -c -g -O2 -I/usr/include -I/usr/local/include -L/opt/local/include -I/usr/include/libxml2 -I/usr/include/apr-1.0 -I/usr/include/apache2  conftest.c >&5
conftest.c:56:10: fatal error: httpd.h: No such file or directory
 #include <httpd.h>
          ^~~~~~~~~
compilation terminated.
configure:12625: $? = 1
configure: failed program was:
| /* confdefs.h */
| #define PACKAGE_NAME "libwurfl"
| #define PACKAGE_TARNAME "libwurfl"
| #define PACKAGE_VERSION "0.1"
| #define PACKAGE_STRING "libwurfl 0.1"
| #define PACKAGE_BUGREPORT "me@filippodeluca.com"
| #define PACKAGE_URL ""
| #define PACKAGE "libwurfl"
| #define VERSION "0.1"
| #define STDC_HEADERS 1
| #define HAVE_SYS_TYPES_H 1
| #define HAVE_SYS_STAT_H 1
| #define HAVE_STDLIB_H 1
| #define HAVE_STRING_H 1
| #define HAVE_MEMORY_H 1
| #define HAVE_STRINGS_H 1
| #define HAVE_INTTYPES_H 1
| #define HAVE_STDINT_H 1
| #define HAVE_UNISTD_H 1
| #define HAVE_DLFCN_H 1
| #define LT_OBJDIR ".libs/"
| /* end confdefs.h.  */
| #include <stdio.h>
| #ifdef HAVE_SYS_TYPES_H
| # include <sys/types.h>
| #endif
| #ifdef HAVE_SYS_STAT_H
| # include <sys/stat.h>
| #endif
| #ifdef STDC_HEADERS
| # include <stdlib.h>
| # include <stddef.h>
| #else
| # ifdef HAVE_STDLIB_H
| #  include <stdlib.h>
| # endif
| #endif
| #ifdef HAVE_STRING_H
| # if !defined STDC_HEADERS && defined HAVE_MEMORY_H
| #  include <memory.h>
| # endif
| # include <string.h>
| #endif
| #ifdef HAVE_STRINGS_H
| # include <strings.h>
| #endif
| #ifdef HAVE_INTTYPES_H
| # include <inttypes.h>
| #endif
| #ifdef HAVE_STDINT_H
| # include <stdint.h>
| #endif
| #ifdef HAVE_UNISTD_H
| # include <unistd.h>
| #endif
| #include <httpd.h>
configure:12625: result: no
configure:12625: checking httpd.h presence
configure:12625: gcc -E  conftest.c
conftest.c:23:10: fatal error: httpd.h: No such file or directory
 #include <httpd.h>
          ^~~~~~~~~
compilation terminated.
configure:12625: $? = 1
configure: failed program was:
| /* confdefs.h */
| #define PACKAGE_NAME "libwurfl"
| #define PACKAGE_TARNAME "libwurfl"
| #define PACKAGE_VERSION "0.1"
| #define PACKAGE_STRING "libwurfl 0.1"
| #define PACKAGE_BUGREPORT "me@filippodeluca.com"
| #define PACKAGE_URL ""
| #define PACKAGE "libwurfl"
| #define VERSION "0.1"
| #define STDC_HEADERS 1
| #define HAVE_SYS_TYPES_H 1
| #define HAVE_SYS_STAT_H 1
| #define HAVE_STDLIB_H 1
| #define HAVE_STRING_H 1
| #define HAVE_MEMORY_H 1
| #define HAVE_STRINGS_H 1
| #define HAVE_INTTYPES_H 1
| #define HAVE_STDINT_H 1
| #define HAVE_UNISTD_H 1
| #define HAVE_DLFCN_H 1
| #define LT_OBJDIR ".libs/"
| /* end confdefs.h.  */
| #include <httpd.h>
configure:12625: result: no
configure:12625: checking for httpd.h
configure:12625: result: no
configure:12629: error: Apache headers not found.

## ---------------- ##
## Cache variables. ##
## ---------------- ##

ac_cv_build=x86_64-unknown-linux-gnu
ac_cv_c_compiler_gnu=yes
ac_cv_env_CC_set=
ac_cv_env_CC_value=
ac_cv_env_CFLAGS_set=
ac_cv_env_CFLAGS_value=
ac_cv_env_CPPFLAGS_set=
ac_cv_env_CPPFLAGS_value=
ac_cv_env_CPP_set=
ac_cv_env_CPP_value=
ac_cv_env_LDFLAGS_set=
ac_cv_env_LDFLAGS_value=
ac_cv_env_LIBS_set=
ac_cv_env_LIBS_value=
ac_cv_env_build_alias_set=
ac_cv_env_build_alias_value=
ac_cv_env_host_alias_set=
ac_cv_env_host_alias_value=
ac_cv_env_target_alias_set=
ac_cv_env_target_alias_value=
ac_cv_header_apr_h=yes
ac_cv_header_dlfcn_h=yes
ac_cv_header_httpd_h=no
ac_cv_header_inttypes_h=yes
ac_cv_header_memory_h=yes
ac_cv_header_stdc=yes
ac_cv_header_stdint_h=yes
ac_cv_header_stdlib_h=yes
ac_cv_header_string_h=yes
ac_cv_header_strings_h=yes
ac_cv_header_sys_stat_h=yes
ac_cv_header_sys_types_h=yes
ac_cv_header_unistd_h=yes
ac_cv_host=x86_64-unknown-linux-gnu
ac_cv_objext=o
ac_cv_path_EGREP='/bin/grep -E'
ac_cv_path_FGREP='/bin/grep -F'
ac_cv_path_GREP=/bin/grep
ac_cv_path_SED=/bin/sed
ac_cv_path_install='/usr/bin/install -c'
ac_cv_path_mkdir=/bin/mkdir
ac_cv_prog_AWK=mawk
ac_cv_prog_CPP='gcc -E'
ac_cv_prog_ac_ct_AR=ar
ac_cv_prog_ac_ct_CC=gcc
ac_cv_prog_ac_ct_MANIFEST_TOOL=mt
ac_cv_prog_ac_ct_OBJDUMP=objdump
ac_cv_prog_ac_ct_RANLIB=ranlib
ac_cv_prog_ac_ct_STRIP=strip
ac_cv_prog_cc_c89=
ac_cv_prog_cc_g=yes
ac_cv_prog_make_make_set=yes
ac_cv_search_iconv_open='none required'
ac_cv_search_xmlSAXVersion=-lxml2
am_cv_CC_dependencies_compiler_type=gcc3
am_cv_make_support_nested_variables=yes
lt_cv_ar_at_file=@
lt_cv_archive_cmds_need_lc=no
lt_cv_deplibs_check_method=pass_all
lt_cv_file_magic_cmd='$MAGIC_CMD'
lt_cv_file_magic_test_file=
lt_cv_ld_reload_flag=-r
lt_cv_nm_interface='BSD nm'
lt_cv_objdir=.libs
lt_cv_path_LD=/usr/bin/ld
lt_cv_path_NM='/usr/bin/nm -B'
lt_cv_path_mainfest_tool=no
lt_cv_prog_compiler_c_o=yes
lt_cv_prog_compiler_pic='-fPIC -DPIC'
lt_cv_prog_compiler_pic_works=yes
lt_cv_prog_compiler_rtti_exceptions=no
lt_cv_prog_compiler_static_works=yes
lt_cv_prog_gnu_ld=yes
lt_cv_sharedlib_from_linklib_cmd='printf %s\n'
lt_cv_shlibpath_overrides_runpath=yes
lt_cv_sys_global_symbol_pipe='sed -n -e '\''s/^.*[	 ]\([ABCDGIRSTW][ABCDGIRSTW]*\)[	 ][	 ]*\([_A-Za-z][_A-Za-z0-9]*\)$/\1 \2 \2/p'\'' | sed '\''/ __gnu_lto/d'\'''
lt_cv_sys_global_symbol_to_c_name_address='sed -n -e '\''s/^: \([^ ]*\)[ ]*$/  {\"\1\", (void *) 0},/p'\'' -e '\''s/^[ABCDGIRSTW]* \([^ ]*\) \([^ ]*\)$/  {"\2", (void *) \&\2},/p'\'''
lt_cv_sys_global_symbol_to_c_name_address_lib_prefix='sed -n -e '\''s/^: \([^ ]*\)[ ]*$/  {\"\1\", (void *) 0},/p'\'' -e '\''s/^[ABCDGIRSTW]* \([^ ]*\) \(lib[^ ]*\)$/  {"\2", (void *) \&\2},/p'\'' -e '\''s/^[ABCDGIRSTW]* \([^ ]*\) \([^ ]*\)$/  {"lib\2", (void *) \&\2},/p'\'''
lt_cv_sys_global_symbol_to_cdecl='sed -n -e '\''s/^T .* \(.*\)$/extern int \1();/p'\'' -e '\''s/^[ABCDGIRSTW]* .* \(.*\)$/extern char \1;/p'\'''
lt_cv_sys_max_cmd_len=1572864
lt_cv_to_host_file_cmd=func_convert_file_noop
lt_cv_to_tool_file_cmd=func_convert_file_noop

## ----------------- ##
## Output variables. ##
## ----------------- ##

ACLOCAL='aclocal-1.13'
AMDEPBACKSLASH='\'
AMDEP_FALSE='#'
AMDEP_TRUE=''
AMTAR='$${TAR-tar}'
AM_BACKSLASH='\'
AM_DEFAULT_V='$(AM_DEFAULT_VERBOSITY)'
AM_DEFAULT_VERBOSITY='1'
AM_V='$(V)'
APXS=''
AR='ar'
AUTOCONF='autoconf'
AUTOHEADER='autoheader'
AUTOMAKE='automake-1.13'
AWK='mawk'
CC='gcc'
CCDEPMODE='depmode=gcc3'
CFLAGS='-g -O2 -I/usr/include -I/usr/local/include -L/opt/local/include -I/usr/include/libxml2 -I/usr/include/apr-1.0 -I/usr/include/apache2'
CHECK_CFLAGS=''
CHECK_LIBS='-lcheck'
CPP='gcc -E'
CPPFLAGS=''
CYGPATH_W='echo'
DEFS=''
DEPDIR='.deps'
DLLTOOL='false'
DSYMUTIL=''
DUMPBIN=''
ECHO_C=''
ECHO_N='-n'
ECHO_T=''
EGREP='/bin/grep -E'
EXEEXT=''
FGREP='/bin/grep -F'
GREP='/bin/grep'
HAVE_CHECK_FALSE='#'
HAVE_CHECK_TRUE=''
INSTALL_DATA='${INSTALL} -m 644'
INSTALL_PROGRAM='${INSTALL}'
INSTALL_SCRIPT='${INSTALL}'
INSTALL_STRIP_PROGRAM='$(install_sh) -c -s'
LD='/usr/bin/ld -m elf_x86_64'
LDFLAGS=' -L/usr/lib -L/usr/local/lib -L/opt/local/lib'
LIBOBJS=''
LIBS='-lxml2 '
LIBTOOL='$(SHELL) $(top_builddir)/libtool'
LIPO=''
LN_S='ln -s'
LTLIBOBJS=''
MAKEINFO='makeinfo'
MANIFEST_TOOL=':'
MKDIR_P='/bin/mkdir -p'
NM='/usr/bin/nm -B'
NMEDIT=''
OBJDUMP='objdump'
OBJEXT='o'
OTOOL64=''
OTOOL=''
PACKAGE='libwurfl'
PACKAGE_BUGREPORT='me@filippodeluca.com'
PACKAGE_NAME='libwurfl'
PACKAGE_STRING='libwurfl 0.1'
PACKAGE_TARNAME='libwurfl'
PACKAGE_URL=''
PACKAGE_VERSION='0.1'
PATH_SEPARATOR=':'
RANLIB='ranlib'
SED='/bin/sed'
SET_MAKE=''
SHELL='/bin/bash'
STRIP='strip'
VERSION='0.1'
ac_ct_AR='ar'
ac_ct_CC='gcc'
ac_ct_DUMPBIN=''
am__EXEEXT_FALSE=''
am__EXEEXT_TRUE=''
am__fastdepCC_FALSE='#'
am__fastdepCC_TRUE=''
am__include='include'
am__isrc=''
am__leading_dot='.'
am__nodep='_no'
am__quote=''
am__tar='$${TAR-tar} chof - "$$tardir"'
am__untar='$${TAR-tar} xf -'
bindir='${exec_prefix}/bin'
build='x86_64-unknown-linux-gnu'
build_alias=''
build_cpu='x86_64'
build_os='linux-gnu'
build_vendor='unknown'
datadir='${datarootdir}'
datarootdir='${prefix}/share'
docdir='${datarootdir}/doc/${PACKAGE_TARNAME}'
dvidir='${docdir}'
exec_prefix='NONE'
host='x86_64-unknown-linux-gnu'
host_alias=''
host_cpu='x86_64'
host_os='linux-gnu'
host_vendor='unknown'
htmldir='${docdir}'
includedir='${prefix}/include'
infodir='${datarootdir}/info'
install_sh='${SHELL} /home/giorgia/CLionProjects/WebServer/libwurfl/build/install-sh'
libdir='${exec_prefix}/lib'
libexecdir='${exec_prefix}/libexec'
localedir='${datarootdir}/locale'
localstatedir='${prefix}/var'
mandir='${datarootdir}/man'
mkdir_p='$(MKDIR_P)'
oldincludedir='/usr/include'
pdfdir='${docdir}'
prefix='NONE'
program_transform_name='s,x,x,'
psdir='${docdir}'
sbindir='${exec_prefix}/sbin'
sharedstatedir='${prefix}/com'
sysconfdir='${prefix}/etc'
target_alias=''

## ----------- ##
## confdefs.h. ##
## ----------- ##

/* confdefs.h */
#define PACKAGE_NAME "libwurfl"
#define PACKAGE_TARNAME "libwurfl"
#define PACKAGE_VERSION "0.1"
#define PACKAGE_STRING "libwurfl 0.1"
#define PACKAGE_BUGREPORT "me@filippodeluca.com"
#define PACKAGE_URL ""
#define PACKAGE "libwurfl"
#define VERSION "0.1"
#define STDC_HEADERS 1
#define HAVE_SYS_TYPES_H 1
#define HAVE_SYS_STAT_H 1
#define HAVE_STDLIB_H 1
#define HAVE_STRING_H 1
#define HAVE_MEMORY_H 1
#define HAVE_STRINGS_H 1
#define HAVE_INTTYPES_H 1
#define HAVE_STDINT_H 1
#define HAVE_UNISTD_H 1
#define HAVE_DLFCN_H 1
#define LT_OBJDIR ".libs/"

configure: exit 1
